[
  {
    "Plan": {
      "Node Type": "Limit",
      "Parallel Aware": false,
      "Async Capable": false,
      "Startup Cost": 0.85,
      "Total Cost": 17252.58,
      "Plan Rows": 30,
      "Plan Width": 742,
      "Actual Startup Time": 0.238,
      "Actual Total Time": 4.081,
      "Actual Rows": 30,
      "Actual Loops": 1,
      "Output": ["cp.uri", "cp.actor_did", "cp.created_at", "cp.indexed_at", "cp.is_hidden", "cp.deleted_at", "cp.raw", "cp.hashtags", "cp.has_media", "cp.self_labels", "cp.has_video"],
      "Shared Hit Blocks": 559,
      "Shared Read Blocks": 0,
      "Shared Dirtied Blocks": 0,
      "Shared Written Blocks": 0,
      "Local Hit Blocks": 0,
      "Local Read Blocks": 0,
      "Local Dirtied Blocks": 0,
      "Local Written Blocks": 0,
      "Temp Read Blocks": 0,
      "Temp Written Blocks": 0,
      "Plans": [
        {
          "Node Type": "Nested Loop",
          "Parent Relationship": "Outer",
          "Parallel Aware": false,
          "Async Capable": false,
          "Join Type": "Inner",
          "Startup Cost": 0.85,
          "Total Cost": 376663.64,
          "Plan Rows": 655,
          "Plan Width": 742,
          "Actual Startup Time": 0.237,
          "Actual Total Time": 4.070,
          "Actual Rows": 30,
          "Actual Loops": 1,
          "Output": ["cp.uri", "cp.actor_did", "cp.created_at", "cp.indexed_at", "cp.is_hidden", "cp.deleted_at", "cp.raw", "cp.hashtags", "cp.has_media", "cp.self_labels", "cp.has_video"],
          "Inner Unique": true,
          "Shared Hit Blocks": 559,
          "Shared Read Blocks": 0,
          "Shared Dirtied Blocks": 0,
          "Shared Written Blocks": 0,
          "Local Hit Blocks": 0,
          "Local Read Blocks": 0,
          "Local Dirtied Blocks": 0,
          "Local Written Blocks": 0,
          "Temp Read Blocks": 0,
          "Temp Written Blocks": 0,
          "Plans": [
            {
              "Node Type": "Index Scan",
              "Parent Relationship": "Outer",
              "Parallel Aware": false,
              "Async Capable": false,
              "Scan Direction": "Backward",
              "Index Name": "candidate_posts_indexed_at_idx",
              "Relation Name": "candidate_posts",
              "Schema": "public",
              "Alias": "cp",
              "Startup Cost": 0.43,
              "Total Cost": 372622.78,
              "Plan Rows": 756,
              "Plan Width": 742,
              "Actual Startup Time": 0.164,
              "Actual Total Time": 2.646,
              "Actual Rows": 30,
              "Actual Loops": 1,
              "Output": ["cp.uri", "cp.actor_did", "cp.created_at", "cp.indexed_at", "cp.is_hidden", "cp.deleted_at", "cp.raw", "cp.hashtags", "cp.has_media", "cp.self_labels", "cp.has_video"],
              "Index Cond": "((cp.indexed_at < '2024-11-22 11:14:21.227251+00'::timestamp with time zone) AND (cp.indexed_at > (now() - '7 days'::interval)) AND (cp.is_hidden = false))",
              "Rows Removed by Index Recheck": 0,
              "Filter": "((cp.deleted_at IS NULL) AND ((('{furryart}'::text[] && cp.hashtags) AND (NOT ('{ai}'::text[] && cp.hashtags))) OR (cp.actor_did = ANY (NULL::text[]))) AND (cp.created_at > (now() - '7 days'::interval)))",
              "Rows Removed by Filter": 698,
              "Shared Hit Blocks": 439,
              "Shared Read Blocks": 0,
              "Shared Dirtied Blocks": 0,
              "Shared Written Blocks": 0,
              "Local Hit Blocks": 0,
              "Local Read Blocks": 0,
              "Local Dirtied Blocks": 0,
              "Local Written Blocks": 0,
              "Temp Read Blocks": 0,
              "Temp Written Blocks": 0
            },
            {
              "Node Type": "Index Scan",
              "Parent Relationship": "Inner",
              "Parallel Aware": false,
              "Async Capable": false,
              "Scan Direction": "Forward",
              "Index Name": "candidate_repositories_pkey",
              "Relation Name": "candidate_actors",
              "Schema": "public",
              "Alias": "ca",
              "Startup Cost": 0.41,
              "Total Cost": 5.35,
              "Plan Rows": 1,
              "Plan Width": 33,
              "Actual Startup Time": 0.046,
              "Actual Total Time": 0.046,
              "Actual Rows": 1,
              "Actual Loops": 30,
              "Output": ["ca.did", "ca.created_at", "ca.is_artist", "ca.comment", "ca.status", "ca.roles", "ca.current_profile_commit_cid", "ca.held_until"],
              "Index Cond": "(ca.did = cp.actor_did)",
              "Rows Removed by Index Recheck": 0,
              "Filter": "(ca.status = 'approved'::actor_status)",
              "Rows Removed by Filter": 0,
              "Shared Hit Blocks": 120,
              "Shared Read Blocks": 0,
              "Shared Dirtied Blocks": 0,
              "Shared Written Blocks": 0,
              "Local Hit Blocks": 0,
              "Local Read Blocks": 0,
              "Local Dirtied Blocks": 0,
              "Local Written Blocks": 0,
              "Temp Read Blocks": 0,
              "Temp Written Blocks": 0
            }
          ]
        }
      ]
    },
    "Planning": {
      "Shared Hit Blocks": 416,
      "Shared Read Blocks": 0,
      "Shared Dirtied Blocks": 0,
      "Shared Written Blocks": 0,
      "Local Hit Blocks": 0,
      "Local Read Blocks": 0,
      "Local Dirtied Blocks": 0,
      "Local Written Blocks": 0,
      "Temp Read Blocks": 0,
      "Temp Written Blocks": 0
    },
    "Planning Time": 2.963,
    "Triggers": [
    ],
    "Execution Time": 4.173
  }
]